<?xml version="1.0" encoding="utf-8"?><testsuites name="pytest tests"><testsuite name="pytest" errors="0" failures="1" skipped="0" tests="33" time="4.028" timestamp="2026-08-18T19:21:40.013828+00:00" hostname="agent-env-92396998-a46f-404b-acde-cbcb95e0a7b3"><testcase classname="tests.backend_test.TestAuth" name="test_login_wrong_password" time="0.158" /><testcase classname="tests.backend_test.TestCatalog" name="test_root_alive" time="0.197" /><testcase classname="tests.backend_test.TestAuth" name="test_login_success_customer" time="0.302" /><testcase classname="tests.backend_test.TestCatalog" name="test_categories_13" time="0.229" /><testcase classname="tests.backend_test.TestCatalog" name="test_products_filters_and_discount" time="0.050" /><testcase classname="tests.backend_test.TestCatalog" name="test_products_search_q" time="0.245" /><testcase classname="tests.backend_test.TestCatalog" name="test_products_pagination" time="0.039" /><testcase classname="tests.backend_test.TestAuth" name="test_me_with_bearer" time="0.423" /><testcase classname="tests.backend_test.TestCatalog" name="test_product_detail_related_and_empty_price_history" time="0.086" /><testcase classname="tests.backend_test.TestCatalog" name="test_search_suggestions" time="0.044" /><testcase classname="tests.backend_test.TestAuth" name="test_register_and_duplicate" time="0.378" /><testcase classname="tests.backend_test.TestCatalog" name="test_search_suggestions_short" time="0.247" /><testcase classname="tests.backend_test.TestCartQuote" name="test_recalculates_server_side" time="0.045" /><testcase classname="tests.backend_test.TestCartQuote" name="test_affiliate_rejected_in_cart" time="0.081" /><testcase classname="tests.backend_test.TestAuth" name="test_forgot_password_generic" time="0.048" /><testcase classname="tests.backend_test.TestCartQuote" name="test_quantity_over_stock" time="0.044" /><testcase classname="tests.backend_test.TestAuth" name="test_bruteforce_lockout" time="0.746"><failure message="AssertionError: expected lockout, got [401, 401, 401, 401, 401, 401]&#10;assert 429 in [401, 401, 401, 401, 401, 401]">E   AssertionError: expected lockout, got [401, 401, 401, 401, 401, 401]
    assert 429 in [401, 401, 401, 401, 401, 401]</failure></testcase><testcase classname="tests.backend_test.TestCartQuote" name="test_free_shipping_above_299" time="0.062" /><testcase classname="tests.backend_test.TestCartQuote" name="test_shipping_charged_below_299" time="0.045" /><testcase classname="tests.backend_test.TestPayments" name="test_mp_config_reports_not_configured" time="0.049" /><testcase classname="tests.backend_test.TestPayments" name="test_mp_preference_503_when_missing_token" time="0.181" /><testcase classname="tests.backend_test.TestPayments" name="test_webhook_rejects_invalid_signature" time="0.113" /><testcase classname="tests.backend_test.TestAdminCRUD" name="test_product_crud_and_price_history" time="0.946" /><testcase classname="tests.backend_test.TestAdminProtection" name="test_no_token_returns_401" time="0.087" /><testcase classname="tests.backend_test.TestAdminProtection" name="test_customer_forbidden" time="0.078" /><testcase classname="tests.backend_test.TestAdminProtection" name="test_admin_ok" time="0.356" /><testcase classname="tests.backend_test.TestOrders" name="test_create_order_and_fetch" time="0.198" /><testcase classname="tests.backend_test.TestAdminCRUD" name="test_inventory_status" time="0.092" /><testcase classname="tests.backend_test.TestOrders" name="test_admin_mark_paid_decrements_stock" time="0.234" /><testcase classname="tests.backend_test.TestAdminCRUD" name="test_dashboard" time="0.115" /><testcase classname="tests.backend_test.TestCoupon" name="test_create_apply_and_cleanup" time="0.242" /><testcase classname="tests.backend_test.TestReviewsSupport" name="test_create_review_pending_and_moderate" time="0.353" /><testcase classname="tests.backend_test.TestReviewsSupport" name="test_support_message" time="0.152" /></testsuite></testsuites>